<?xml version="1.0" encoding="UTF-8"?>
<!-- Generated by org.testng.reporters.JUnitReportReporter -->
<testsuite skipped="0" hostname="LAPTOP-R1MKNLRD" name="util.BrowserFactory" tests="1" failures="0" timestamp="2021-01-26T13:10:15 CST" time="5.694" errors="0">
  <testcase name="init" time="5.694" classname="util.BrowserFactory"/>
  <system-out/>
</testsuite> <!-- util.BrowserFactory -->
